22:57:56.130 [main] INFO  testCases.TC001AccountRegistrationTest - **** Clicked on Register link ****
22:57:56.144 [main] INFO  testCases.TC001AccountRegistrationTest - **** providing Customer details ****
22:57:57.069 [main] INFO  testCases.TC001AccountRegistrationTest - **** Validating expected message ****
22:57:58.216 [main] INFO  testCases.TC001AccountRegistrationTest - **** Finished TC001_AccountRegistrationTest ****
01:04:46.462 [main] INFO  testCases.TC001AccountRegistrationTest - **** Starting TestCase ****
01:04:46.679 [main] INFO  testCases.TC001AccountRegistrationTest - **** Clicked on my account ****
01:04:47.283 [main] INFO  testCases.TC001AccountRegistrationTest - **** Clicked on Register link ****
01:04:47.286 [main] INFO  testCases.TC001AccountRegistrationTest - **** providing Customer details ****
01:04:47.872 [main] INFO  testCases.TC001AccountRegistrationTest - **** Validating expected message ****
01:04:48.577 [main] INFO  testCases.TC001AccountRegistrationTest - **** Finished TC001_AccountRegistrationTest ****
00:01:42.413 [main] INFO  testCases.TC001AccountRegistrationTest - **** Starting TestCase ****
00:01:42.674 [main] INFO  testCases.TC001AccountRegistrationTest - **** Clicked on my account ****
00:01:43.075 [main] INFO  testCases.TC001AccountRegistrationTest - **** Clicked on Register link ****
00:01:43.085 [main] INFO  testCases.TC001AccountRegistrationTest - **** providing Customer details ****
00:01:43.708 [main] INFO  testCases.TC001AccountRegistrationTest - **** Validating expected message ****
00:01:44.150 [main] INFO  testCases.TC001AccountRegistrationTest - **** Finished TC001_AccountRegistrationTest ****
00:01:59.025 [TestNG-tests-2] INFO  testCases.TC001AccountRegistrationTest - **** Starting TestCase ****
00:01:59.025 [TestNG-tests-1] INFO  testCases.TC001AccountRegistrationTest - **** Starting TestCase ****
00:01:59.316 [TestNG-tests-1] INFO  testCases.TC001AccountRegistrationTest - **** Clicked on my account ****
00:01:59.420 [TestNG-tests-2] INFO  testCases.TC001AccountRegistrationTest - **** Clicked on my account ****
00:04:17.645 [TestNG-tests-1] INFO  testCases.TC001AccountRegistrationTest - **** Starting TestCase ****
00:04:18.618 [TestNG-tests-2] INFO  testCases.TC001AccountRegistrationTest - **** Starting TestCase ****
00:04:18.907 [TestNG-tests-1] INFO  testCases.TC001AccountRegistrationTest - **** Clicked on my account ****
00:04:19.141 [TestNG-tests-2] INFO  testCases.TC001AccountRegistrationTest - **** Clicked on my account ****
00:04:53.499 [TestNG-tests-2] INFO  testCases.TC001AccountRegistrationTest - **** Clicked on Register link ****
00:04:53.535 [TestNG-tests-2] INFO  testCases.TC001AccountRegistrationTest - **** providing Customer details ****
00:05:28.592 [TestNG-tests-2] INFO  testCases.TC001AccountRegistrationTest - **** Starting TestCase ****
00:05:29.598 [TestNG-tests-1] INFO  testCases.TC001AccountRegistrationTest - **** Starting TestCase ****
00:05:29.879 [TestNG-tests-2] INFO  testCases.TC001AccountRegistrationTest - **** Clicked on my account ****
00:05:30.080 [TestNG-tests-1] INFO  testCases.TC001AccountRegistrationTest - **** Clicked on my account ****
00:07:21.653 [TestNG-tests-1] INFO  testCases.TC001AccountRegistrationTest - **** Starting TestCase ****
00:07:21.939 [TestNG-tests-1] INFO  testCases.TC001AccountRegistrationTest - **** Clicked on my account ****
00:07:23.322 [TestNG-tests-1] INFO  testCases.TC001AccountRegistrationTest - **** Clicked on Register link ****
00:07:23.327 [TestNG-tests-1] INFO  testCases.TC001AccountRegistrationTest - **** providing Customer details ****
00:07:24.173 [TestNG-tests-1] INFO  testCases.TC001AccountRegistrationTest - **** Validating expected message ****
00:07:26.562 [TestNG-tests-1] INFO  testCases.TC001AccountRegistrationTest - **** Finished TC001_AccountRegistrationTest ****
00:08:33.320 [TestNG-tests-2] INFO  testCases.TC001AccountRegistrationTest - **** Starting TestCase ****
00:08:34.194 [TestNG-tests-1] INFO  testCases.TC001AccountRegistrationTest - **** Starting TestCase ****
00:08:34.426 [TestNG-tests-2] INFO  testCases.TC001AccountRegistrationTest - **** Clicked on my account ****
00:08:34.709 [TestNG-tests-1] INFO  testCases.TC001AccountRegistrationTest - **** Clicked on my account ****
00:53:24.365 [main] INFO  testCases.TC001AccountRegistrationTest - **** Starting TestCase ****
00:53:24.597 [main] INFO  testCases.TC001AccountRegistrationTest - **** Clicked on my account ****
00:53:25.384 [main] INFO  testCases.TC001AccountRegistrationTest - **** Clicked on Register link ****
00:53:25.388 [main] INFO  testCases.TC001AccountRegistrationTest - **** providing Customer details ****
00:53:26.077 [main] INFO  testCases.TC001AccountRegistrationTest - **** Validating expected message ****
00:53:26.818 [main] INFO  testCases.TC001AccountRegistrationTest - **** Finished TC001_AccountRegistrationTest ****
